<?xml version="1.0" encoding="UTF-8"?>
<testng-results skipped="0" failed="1" ignored="0" total="2" passed="1">
  <reporter-output>
  </reporter-output>
  <suite name="test.mainTest" duration-ms="6806" started-at="2017-06-22T19:34:16Z" finished-at="2017-06-22T19:34:23Z">
    <groups>
    </groups>
    <test name="Command line test" duration-ms="6806" started-at="2017-06-22T19:34:16Z" finished-at="2017-06-22T19:34:23Z">
      <class name="test.mainTest">
        <test-method status="PASS" signature="beforeTest()[pri:0, instance:test.mainTest@26ba2a48]" name="beforeTest" is-config="true" duration-ms="1268" started-at="2017-06-22T15:34:16Z" finished-at="2017-06-22T15:34:17Z">
          <reporter-output>
          </reporter-output>
        </test-method> <!-- beforeTest -->
        <test-method status="FAIL" signature="sampleRunToFail()[pri:0, instance:test.mainTest@26ba2a48]" name="sampleRunToFail" duration-ms="4056" started-at="2017-06-22T15:34:17Z" finished-at="2017-06-22T15:34:21Z">
          <exception class="java.lang.AssertionError">
            <message>
              <![CDATA[test string does not display properly expected [bad input] but found [examen]]]>
            </message>
            <full-stacktrace>
              <![CDATA[java.lang.AssertionError: test string does not display properly expected [bad input] but found [examen]
	at org.testng.Assert.fail(Assert.java:93)
	at org.testng.Assert.failNotEquals(Assert.java:512)
	at org.testng.Assert.assertEqualsImpl(Assert.java:134)
	at org.testng.Assert.assertEquals(Assert.java:115)
	at org.testng.Assert.assertEquals(Assert.java:189)
	at test.mainTest.sampleRunToFail(mainTest.java:16)
	at sun.reflect.NativeMethodAccessorImpl.invoke0(Native Method)
	at sun.reflect.NativeMethodAccessorImpl.invoke(NativeMethodAccessorImpl.java:62)
	at sun.reflect.DelegatingMethodAccessorImpl.invoke(DelegatingMethodAccessorImpl.java:43)
	at java.lang.reflect.Method.invoke(Method.java:498)
	at org.testng.internal.MethodInvocationHelper.invokeMethod(MethodInvocationHelper.java:108)
	at org.testng.internal.Invoker.invokeMethod(Invoker.java:661)
	at org.testng.internal.Invoker.invokeTestMethod(Invoker.java:869)
	at org.testng.internal.Invoker.invokeTestMethods(Invoker.java:1193)
	at org.testng.internal.TestMethodWorker.invokeTestMethods(TestMethodWorker.java:126)
	at org.testng.internal.TestMethodWorker.run(TestMethodWorker.java:109)
	at org.testng.TestRunner.privateRun(TestRunner.java:744)
	at org.testng.TestRunner.run(TestRunner.java:602)
	at org.testng.SuiteRunner.runTest(SuiteRunner.java:380)
	at org.testng.SuiteRunner.runSequentially(SuiteRunner.java:375)
	at org.testng.SuiteRunner.privateRun(SuiteRunner.java:340)
	at org.testng.SuiteRunner.run(SuiteRunner.java:289)
	at org.testng.SuiteRunnerWorker.runSuite(SuiteRunnerWorker.java:52)
	at org.testng.SuiteRunnerWorker.run(SuiteRunnerWorker.java:86)
	at org.testng.TestNG.runSuitesSequentially(TestNG.java:1301)
	at org.testng.TestNG.runSuitesLocally(TestNG.java:1226)
	at org.testng.TestNG.runSuites(TestNG.java:1144)
	at org.testng.TestNG.run(TestNG.java:1115)
	at org.apache.maven.surefire.testng.TestNGExecutor.run(TestNGExecutor.java:77)
	at org.apache.maven.surefire.testng.TestNGDirectoryTestSuite.execute(TestNGDirectoryTestSuite.java:110)
	at org.apache.maven.surefire.testng.TestNGProvider.invoke(TestNGProvider.java:106)
	at sun.reflect.NativeMethodAccessorImpl.invoke0(Native Method)
	at sun.reflect.NativeMethodAccessorImpl.invoke(NativeMethodAccessorImpl.java:62)
	at sun.reflect.DelegatingMethodAccessorImpl.invoke(DelegatingMethodAccessorImpl.java:43)
	at java.lang.reflect.Method.invoke(Method.java:498)
	at org.apache.maven.surefire.util.ReflectionUtils.invokeMethodWithArray(ReflectionUtils.java:189)
	at org.apache.maven.surefire.booter.ProviderFactory$ProviderProxy.invoke(ProviderFactory.java:165)
	at org.apache.maven.surefire.booter.ProviderFactory.invokeProvider(ProviderFactory.java:85)
	at org.apache.maven.surefire.booter.ForkedBooter.runSuitesInProcess(ForkedBooter.java:115)
	at org.apache.maven.surefire.booter.ForkedBooter.main(ForkedBooter.java:75)
]]>
            </full-stacktrace>
          </exception> <!-- java.lang.AssertionError -->
          <reporter-output>
          </reporter-output>
        </test-method> <!-- sampleRunToFail -->
        <test-method status="PASS" signature="sampleRunToPass()[pri:0, instance:test.mainTest@26ba2a48]" name="sampleRunToPass" duration-ms="1395" started-at="2017-06-22T15:34:21Z" finished-at="2017-06-22T15:34:23Z">
          <reporter-output>
          </reporter-output>
        </test-method> <!-- sampleRunToPass -->
        <test-method status="PASS" signature="afterTest()[pri:0, instance:test.mainTest@26ba2a48]" name="afterTest" is-config="true" duration-ms="72" started-at="2017-06-22T15:34:23Z" finished-at="2017-06-22T15:34:23Z">
          <reporter-output>
          </reporter-output>
        </test-method> <!-- afterTest -->
      </class> <!-- test.mainTest -->
    </test> <!-- Command line test -->
  </suite> <!-- test.mainTest -->
</testng-results>
