-------------------------------------------------------------------------------
Test set: test.mainTest
-------------------------------------------------------------------------------
Tests run: 2, Failures: 1, Errors: 0, Skipped: 0, Time elapsed: 6.504 sec <<< FAILURE!
sampleRunToFail(test.mainTest)  Time elapsed: 3.521 sec  <<< FAILURE!
java.lang.AssertionError: test string does not display properly expected [bad input] but found [examen]
	at org.testng.Assert.fail(Assert.java:93)
	at org.testng.Assert.failNotEquals(Assert.java:512)
	at org.testng.Assert.assertEqualsImpl(Assert.java:134)
	at org.testng.Assert.assertEquals(Assert.java:115)
	at org.testng.Assert.assertEquals(Assert.java:189)
	at test.mainTest.sampleRunToFail(mainTest.java:16)

